==========================================
SLURM_JOB_ID = 16838296
SLURM_JOB_NODELIST = e11-26
TMPDIR = /tmp/SLURM_16838296
==========================================
PsfOversampling: starting initialization...
141
PsfOversampling: done.
PsfOversampling: starting __dealloc__.
PsfOversampling: done with __dealloc__.
-435.7684200848788
-435.7633746507066
-435.7943703364537
-435.7682339830963
-435.7750952917887
-435.76285957972703
-435.76365444735967
-435.77015985824585
-435.7701174757954
-435.7663596601017
-435.7658348486044
-435.7730809174286
-435.7657008842808
-435.76261371743703
-435.773442052098
-435.77783063887205
-435.78730996553645
-435.76838529708976
-435.7647858291218
-435.77717663447805
-435.762688128556
-435.76514612943794
-435.7735277765549
-435.7643872317606
-435.76264464604185
-435.76361572844615
-435.7638922344152
-435.7651976450758
-435.7655373471287
-435.7648182177349
-435.763299677133
-435.76271590321477
-435.7630593514425
-435.7638012655099
-435.7679038654782
-435.7631768135902
-435.76497690303614
-435.7628307570421
-435.76681733117914
-435.7645668320781
-435.77150640417193
-435.76490091879424
-435.7623727648378
-435.7684691289019
-435.8143120461981
-435.76833834007067
-435.76315401200964
-435.7644141240104
-435.76268824259233
-435.7640760251674
  0%|          | 0/1000 [00:00<?, ?it/s]  0%|          | 1/1000 [00:10<2:52:46, 10.38s/it]  0%|          | 2/1000 [00:20<2:52:44, 10.39s/it]  0%|          | 3/1000 [00:31<2:52:25, 10.38s/it]  0%|          | 4/1000 [00:41<2:52:15, 10.38s/it]  0%|          | 5/1000 [00:51<2:52:42, 10.41s/it]  1%|          | 6/1000 [01:02<2:52:16, 10.40s/it]  1%|          | 7/1000 [01:12<2:51:31, 10.36s/it]  1%|          | 8/1000 [01:22<2:51:03, 10.35s/it]  1%|          | 9/1000 [01:33<2:51:16, 10.37s/it]  1%|          | 10/1000 [01:43<2:51:16, 10.38s/it]  1%|          | 11/1000 [01:54<2:50:35, 10.35s/it]  1%|          | 12/1000 [02:04<2:50:19, 10.34s/it]slurmstepd: error: *** JOB 16838296 ON e11-26 CANCELLED AT 2023-09-22T10:32:03 ***
